


ARM Macro Assembler    Page 1 


    1 00000000                 AREA             Lab2, CODE, READWRITE
    2 00000000                 ENTRY
    3 00000000         
    4 00000000 0000000D 
                       CR      EQU              0x0D
    5 00000000         
    6 00000000 E3A00000 
                       Start   MOV              r0,#0       ;Point the register
                                                            s to the memory loc
                                                            ations
    7 00000004 E3A01000        MOV              r1,#0       ;Make sure these ar
                                                            e initially zero'd 
                                                            out
    8 00000008 E3A02000        MOV              r2,#0
    9 0000000C E3A03000        MOV              r3,#0       ;Use this as loop c
                                                            ounter and str leng
                                                            th
   10 00000010         ;  ADR r4,String  ;Point r4 to the data
   11 00000010 E3A05000        MOV              r5,#0       ;Holds the current 
                                                            position of char to
                                                             be compared
   12 00000014 E3A06000        MOV              r6,#0       ;Hold the length of
                                                             the string
   13 00000018 E3A07000        MOV              r7,#0       ;Use as temp regist
                                                            er?
   14 0000001C E28F4074        ADR              r4,hello
   15 00000020         ;MOV r4,#:upper16:.LC0
   16 00000020         
   17 00000020         
   18 00000020         Loop                                 ;While not last cha
                                                            r, get another byte
                                                            
   19 00000020 E7D41003        LDRB             r1,[r4,r3]  ;Read n-th byte
   20 00000024 E351000D        CMP              r1,#CR      ;Compare to the str
                                                            ing terminator
   21 00000028 0A000001        BEQ              Loop_End    ;If == to CR, stop
   22 0000002C E2833001        ADD              r3,r3,#1    ;If =/= to CR, incr
                                                            ement count
   23 00000030 EAFFFFFA        BAL              Loop        ;Loop again
   24 00000034         
   25 00000034         Loop_End
   26 00000034 E4936000        LDR              r6,[r3],#0  ;Store length of st
                                                            ring in r6 (value o
                                                            f r3, not address,
   27 00000038         ;specified with the []
   28 00000038 E2433001        SUB              r3,r3,#1
   29 0000003C         
   30 0000003C E3560000        CMP              r6,#0       ;Compare str length
                                                             to 0
   31 00000040 0A000012        BEQ              Zero_Case   ;Break if length of
                                                             string = 0
   32 00000044 E3560001        CMP              r6,#1       ;Compare str length
                                                             to 1
   33 00000048 0A000011        BEQ              One_Case    ;Break if length of
                                                             string = 1
   34 0000004C EAFFFFFF        B                Div_Two
   35 00000050         
   36 00000050         
   37 00000050         Div_Two                              ;Finds half the len



ARM Macro Assembler    Page 2 


                                                            gth of the string, 
                                                            so we know how many
                                                             times to check byt
                                                            es
   38 00000050 E3530000        CMP              r3,#0
   39 00000054 0A000002        BEQ              Load_Half   ;If r3 == 0, then l
                                                            ength of array is 0
                                                            , break to Zero_Cas
                                                            e
   40 00000058 E2433002        SUB              r3,r3,#2    ;Else, subtract 2 f
                                                            rom value of r3
   41 0000005C E2877001        ADD              r7,r7,#1    ;Increment counter
   42 00000060 EAFFFFFA        BAL              Div_Two
   43 00000064         
   44 00000064         
   45 00000064         Load_Half
   46 00000064 E5973000        LDR              r3,[r7]     ;Load the value of 
                                                            r7 into r3, which i
                                                            s half the length o
                                                            f the array
   47 00000068         ;In other words, we now know how many times to loop thro
                       ugh and compare
   48 00000068         ;bytes of string
   49 00000068 EAFFFFFF        B                Cmp_Bytes
   50 0000006C         
   51 0000006C         
   52 0000006C         Cmp_Bytes
   53 0000006C E1530005        CMP              r3,r5
   54 00000070 0A000007        BEQ              One_Case    ;If r3 and r5 hold 
                                                            the same value, the
                                                            n we've gone throug
                                                            h the entire list, 
                                                            and
   55 00000074         ;everything matches, send to One_Case
   56 00000074 E7D41005        LDRB             r1,[r4,r5]  ;Point r1 at the fi
                                                            rst byte of string
   57 00000078 E7D42006        LDRB             r2,[r4,r6]  ;Point r2 at the la
                                                            st byte of the stri
                                                            ng
   58 0000007C E1510002        CMP              r1,r2
   59 00000080 1A000002        BNE              Zero_Case   ;If not equivalent,
                                                             exit and set r0 to
                                                             0
   60 00000084 E2466001        SUB              r6,r6,#1    ;Subtract one (beca
                                                            use we already chec
                                                            ked the last bit)
   61 00000088 E2855001        ADD              r5,r5,#1    ;Add one (because w
                                                            e already checked f
                                                            irst bit)
   62 0000008C EAFFFFF6        BAL              Cmp_Bytes   ;Keep looping
   63 00000090         
   64 00000090         
   65 00000090         Zero_Case                            ;Set r0 to 0, meani
                                                            ng string was not a
                                                             palindrome
   66 00000090 E3A00000        MOV              r0,#0
   67 00000094         
   68 00000094         One_Case                             ;Set r0 to 1, meani
                                                            ng string was a pal



ARM Macro Assembler    Page 3 


                                                            indrome
   69 00000094 E3A00001        MOV              r0,#1
   70 00000098         
   71 00000098         
   72 00000098         hello
   73 00000098 4D 4F 4D 
              0D               DCB              "MOM",CR    ;Assign labels for 
                                                            each memory locatio
                                                            n
   74 0000009C         
   75 0000009C         Done
   76 0000009C                 END                          ;Done
Command Line: --debug --xref --bi --apcs=interwork --depend=.\part2.d -o.\part2
.o -I"C:\Program Files (x86)\Kiel\ARM\RV31\INC" -I"C:\Program Files (x86)\Kiel\
ARM\CMSIS\Include" --predefine="__EVAL SETA 1" --list=.\part2.lst part2.s



ARM Macro Assembler    Page 1 Alphabetic symbol ordering
Relocatable symbols

Cmp_Bytes 0000006C

Symbol: Cmp_Bytes
   Definitions
      At line 52 in file part2.s
   Uses
      At line 49 in file part2.s
      At line 62 in file part2.s

Div_Two 00000050

Symbol: Div_Two
   Definitions
      At line 37 in file part2.s
   Uses
      At line 34 in file part2.s
      At line 42 in file part2.s

Done 0000009C

Symbol: Done
   Definitions
      At line 75 in file part2.s
   Uses
      None
Comment: Done unused
Lab2 00000000

Symbol: Lab2
   Definitions
      At line 1 in file part2.s
   Uses
      None
Comment: Lab2 unused
Load_Half 00000064

Symbol: Load_Half
   Definitions
      At line 45 in file part2.s
   Uses
      At line 39 in file part2.s
Comment: Load_Half used once
Loop 00000020

Symbol: Loop
   Definitions
      At line 18 in file part2.s
   Uses
      At line 23 in file part2.s
Comment: Loop used once
Loop_End 00000034

Symbol: Loop_End
   Definitions
      At line 25 in file part2.s
   Uses
      At line 21 in file part2.s
Comment: Loop_End used once
One_Case 00000094



ARM Macro Assembler    Page 2 Alphabetic symbol ordering
Relocatable symbols


Symbol: One_Case
   Definitions
      At line 68 in file part2.s
   Uses
      At line 33 in file part2.s
      At line 54 in file part2.s

Start 00000000

Symbol: Start
   Definitions
      At line 6 in file part2.s
   Uses
      None
Comment: Start unused
Zero_Case 00000090

Symbol: Zero_Case
   Definitions
      At line 65 in file part2.s
   Uses
      At line 31 in file part2.s
      At line 59 in file part2.s

hello 00000098

Symbol: hello
   Definitions
      At line 72 in file part2.s
   Uses
      At line 14 in file part2.s
Comment: hello used once
11 symbols



ARM Macro Assembler    Page 1 Alphabetic symbol ordering
Absolute symbols

CR 0000000D

Symbol: CR
   Definitions
      At line 4 in file part2.s
   Uses
      At line 20 in file part2.s
      At line 73 in file part2.s

1 symbol
343 symbols in table
